<?xml version="1.0" encoding="UTF-8"?>
<!-- Generated by org.testng.reporters.JUnitReportReporter -->
<testsuite hostname="DESKTOP-IDVLP9L" failures="0" tests="1" name="TestCases.TC02_AddItem" time="27.201" errors="0" timestamp="2024-07-28T11:05:22 IST" skipped="0">
  <testcase classname="TestCases.TC02_AddItem" name="AddItem" time="27.201"/>
</testsuite> <!-- TestCases.TC02_AddItem -->
